<?xml version="1.0" encoding="UTF-8"?>
<robot generator="Robot 3.2.2 (Python 3.9.0 on win32)" generated="20230424 14:09:51.127" rpa="false">
<suite id="s1" name="Saucedemo Sucess Login" source="C:\Users\Purvis\GitClones\Carlsberg\carlsberg_assessment\Exercise 2\first part\saucedemo_sucess_login.robot">
<kw name="Run Keywords" library="BuiltIn" type="setup">
<doc>Executes all the given keywords in a sequence.</doc>
<arguments>
<arg>Set Selenium Implicit Wait</arg>
<arg>2s</arg>
<arg>AND</arg>
<arg>Open Browser</arg>
<arg>browser=${browser}</arg>
<arg>url=${urlLogin}</arg>
<arg>AND</arg>
<arg>Wait Until Location Is</arg>
<arg>${urlLogin}</arg>
<arg>timeout=5s</arg>
<arg>AND</arg>
<arg>Maximize Browser Window</arg>
</arguments>
<kw name="Set Selenium Implicit Wait" library="SeleniumLibrary">
<doc>Sets the implicit wait value used by Selenium.</doc>
<arguments>
<arg>2s</arg>
</arguments>
<status status="PASS" starttime="20230424 14:09:51.603" endtime="20230424 14:09:51.603"></status>
</kw>
<kw name="Open Browser" library="SeleniumLibrary">
<doc>Opens a new browser instance to the optional ``url``.</doc>
<arguments>
<arg>browser=${browser}</arg>
<arg>url=${urlLogin}</arg>
</arguments>
<msg timestamp="20230424 14:09:51.603" level="INFO">Opening browser 'Chrome' to base url 'https://www.saucedemo.com/'.</msg>
<status status="PASS" starttime="20230424 14:09:51.603" endtime="20230424 14:09:54.426"></status>
</kw>
<kw name="Wait Until Location Is" library="SeleniumLibrary">
<doc>Waits until the current URL is ``expected``.</doc>
<arguments>
<arg>${urlLogin}</arg>
<arg>timeout=5s</arg>
</arguments>
<status status="PASS" starttime="20230424 14:09:54.426" endtime="20230424 14:09:54.461"></status>
</kw>
<kw name="Maximize Browser Window" library="SeleniumLibrary">
<doc>Maximizes current browser window.</doc>
<status status="PASS" starttime="20230424 14:09:54.462" endtime="20230424 14:09:54.643"></status>
</kw>
<status status="PASS" starttime="20230424 14:09:51.603" endtime="20230424 14:09:54.643"></status>
</kw>
<test id="s1-t1" name="Accept_Login as a standard user">
<kw name="Login with valid credentials" library="login_keywords">
<arguments>
<arg>${standard_user}</arg>
<arg>${password}</arg>
</arguments>
<kw name="Go to Login Page" library="login_keywords">
<kw name="Get Location" library="SeleniumLibrary">
<doc>Returns the current browser window URL.</doc>
<assign>
<var>${currentURL}</var>
</assign>
<msg timestamp="20230424 14:09:54.658" level="INFO">${currentURL} = https://www.saucedemo.com/</msg>
<status status="PASS" starttime="20230424 14:09:54.651" endtime="20230424 14:09:54.658"></status>
</kw>
<kw name="Run Keyword If" library="BuiltIn">
<doc>Runs the given keyword with the given arguments, if ``condition`` is true.</doc>
<arguments>
<arg>'${currentURL}'!='${urlLogin}'</arg>
<arg>Run Keywords</arg>
<arg>Go To</arg>
<arg>${urlLogin}</arg>
<arg>AND</arg>
<arg>Wait Until Location Is</arg>
<arg>${urlLogin}</arg>
<arg>timeout=5s</arg>
<arg>ELSE</arg>
<arg>Reload Page</arg>
</arguments>
<kw name="Reload Page" library="SeleniumLibrary">
<doc>Simulates user reloading page.</doc>
<status status="PASS" starttime="20230424 14:09:54.658" endtime="20230424 14:09:54.872"></status>
</kw>
<status status="PASS" starttime="20230424 14:09:54.658" endtime="20230424 14:09:54.872"></status>
</kw>
<status status="PASS" starttime="20230424 14:09:54.650" endtime="20230424 14:09:54.873"></status>
</kw>
<kw name="Login" library="login_keywords">
<arguments>
<arg>${username}</arg>
<arg>${password}</arg>
</arguments>
<kw name="Input Text" library="SeleniumLibrary">
<doc>Types the given ``text`` into the text field identified by ``locator``.</doc>
<arguments>
<arg>${xpathInputUsername}</arg>
<arg>${username}</arg>
</arguments>
<msg timestamp="20230424 14:09:54.875" level="INFO">Typing text 'standard_user' into text field '//input[@id="user-name"]'.</msg>
<status status="PASS" starttime="20230424 14:09:54.874" endtime="20230424 14:09:55.025"></status>
</kw>
<kw name="Input Password" library="SeleniumLibrary">
<doc>Types the given password into the text field identified by ``locator``.</doc>
<arguments>
<arg>${xpathInputPassword}</arg>
<arg>${password}</arg>
</arguments>
<msg timestamp="20230424 14:09:55.026" level="INFO">Typing password into text field '//input[@id="password"]'.</msg>
<msg timestamp="20230424 14:09:55.081" level="INFO">Temporally setting log level to: NONE</msg>
<msg timestamp="20230424 14:09:55.157" level="INFO">Log level changed from NONE to INFO.</msg>
<status status="PASS" starttime="20230424 14:09:55.025" endtime="20230424 14:09:55.157"></status>
</kw>
<kw name="Click Button" library="SeleniumLibrary">
<doc>Clicks the button identified by ``locator``.</doc>
<arguments>
<arg>${xpathLoginButton}</arg>
</arguments>
<msg timestamp="20230424 14:09:55.157" level="INFO">Clicking button '//input[@id="login-button"]'.</msg>
<status status="PASS" starttime="20230424 14:09:55.157" endtime="20230424 14:09:55.304"></status>
</kw>
<status status="PASS" starttime="20230424 14:09:54.873" endtime="20230424 14:09:55.304"></status>
</kw>
<kw name="Wait Until Location Is" library="SeleniumLibrary">
<doc>Waits until the current URL is ``expected``.</doc>
<arguments>
<arg>${urlInventory}</arg>
<arg>timeout=5s</arg>
</arguments>
<status status="PASS" starttime="20230424 14:09:55.305" endtime="20230424 14:09:55.312"></status>
</kw>
<status status="PASS" starttime="20230424 14:09:54.650" endtime="20230424 14:09:55.318"></status>
</kw>
<kw name="Logout" library="login_keywords" type="teardown">
<kw name="Open Left Menu" library="saucedemo_keywords">
<kw name="Click Button" library="SeleniumLibrary">
<doc>Clicks the button identified by ``locator``.</doc>
<arguments>
<arg>${xpathOpenMenuButton}</arg>
</arguments>
<msg timestamp="20230424 14:09:55.321" level="INFO">Clicking button '//button[text()="Open Menu"]'.</msg>
<status status="PASS" starttime="20230424 14:09:55.320" endtime="20230424 14:09:55.427"></status>
</kw>
<status status="PASS" starttime="20230424 14:09:55.320" endtime="20230424 14:09:55.427"></status>
</kw>
<kw name="Click Element" library="SeleniumLibrary">
<doc>Click the element identified by ``locator``.</doc>
<arguments>
<arg>${xpathLogoutButton}</arg>
</arguments>
<msg timestamp="20230424 14:09:55.428" level="INFO">Clicking element '//a[@id="logout_sidebar_link"]'.</msg>
<status status="PASS" starttime="20230424 14:09:55.427" endtime="20230424 14:09:55.620"></status>
</kw>
<kw name="Wait Until Location Is" library="SeleniumLibrary">
<doc>Waits until the current URL is ``expected``.</doc>
<arguments>
<arg>${urlLogin}</arg>
<arg>timeout=5s</arg>
</arguments>
<status status="PASS" starttime="20230424 14:09:55.620" endtime="20230424 14:09:55.626"></status>
</kw>
<status status="PASS" starttime="20230424 14:09:55.319" endtime="20230424 14:09:55.626"></status>
</kw>
<doc>A login is made with the 'standard user' valid credentials
and it is validated in the 'Login with valid credentials'
keyword that we go to the inventory page. Then a logout is
done and it is validated that we go to the login page.</doc>
<tags>
<tag>Saucedemo_Login_sucess</tag>
</tags>
<status status="PASS" starttime="20230424 14:09:54.643" endtime="20230424 14:09:55.626" critical="yes"></status>
</test>
<test id="s1-t2" name="Accept_Login as a problem user">
<kw name="Login with valid credentials" library="login_keywords">
<arguments>
<arg>${problem_user}</arg>
<arg>${password}</arg>
</arguments>
<kw name="Go to Login Page" library="login_keywords">
<kw name="Get Location" library="SeleniumLibrary">
<doc>Returns the current browser window URL.</doc>
<assign>
<var>${currentURL}</var>
</assign>
<msg timestamp="20230424 14:09:55.638" level="INFO">${currentURL} = https://www.saucedemo.com/</msg>
<status status="PASS" starttime="20230424 14:09:55.632" endtime="20230424 14:09:55.638"></status>
</kw>
<kw name="Run Keyword If" library="BuiltIn">
<doc>Runs the given keyword with the given arguments, if ``condition`` is true.</doc>
<arguments>
<arg>'${currentURL}'!='${urlLogin}'</arg>
<arg>Run Keywords</arg>
<arg>Go To</arg>
<arg>${urlLogin}</arg>
<arg>AND</arg>
<arg>Wait Until Location Is</arg>
<arg>${urlLogin}</arg>
<arg>timeout=5s</arg>
<arg>ELSE</arg>
<arg>Reload Page</arg>
</arguments>
<kw name="Reload Page" library="SeleniumLibrary">
<doc>Simulates user reloading page.</doc>
<status status="PASS" starttime="20230424 14:09:55.639" endtime="20230424 14:09:55.721"></status>
</kw>
<status status="PASS" starttime="20230424 14:09:55.638" endtime="20230424 14:09:55.721"></status>
</kw>
<status status="PASS" starttime="20230424 14:09:55.631" endtime="20230424 14:09:55.721"></status>
</kw>
<kw name="Login" library="login_keywords">
<arguments>
<arg>${username}</arg>
<arg>${password}</arg>
</arguments>
<kw name="Input Text" library="SeleniumLibrary">
<doc>Types the given ``text`` into the text field identified by ``locator``.</doc>
<arguments>
<arg>${xpathInputUsername}</arg>
<arg>${username}</arg>
</arguments>
<msg timestamp="20230424 14:09:55.723" level="INFO">Typing text 'problem_user' into text field '//input[@id="user-name"]'.</msg>
<status status="PASS" starttime="20230424 14:09:55.722" endtime="20230424 14:09:55.850"></status>
</kw>
<kw name="Input Password" library="SeleniumLibrary">
<doc>Types the given password into the text field identified by ``locator``.</doc>
<arguments>
<arg>${xpathInputPassword}</arg>
<arg>${password}</arg>
</arguments>
<msg timestamp="20230424 14:09:55.850" level="INFO">Typing password into text field '//input[@id="password"]'.</msg>
<msg timestamp="20230424 14:09:55.896" level="INFO">Temporally setting log level to: NONE</msg>
<msg timestamp="20230424 14:09:55.971" level="INFO">Log level changed from NONE to INFO.</msg>
<status status="PASS" starttime="20230424 14:09:55.850" endtime="20230424 14:09:55.971"></status>
</kw>
<kw name="Click Button" library="SeleniumLibrary">
<doc>Clicks the button identified by ``locator``.</doc>
<arguments>
<arg>${xpathLoginButton}</arg>
</arguments>
<msg timestamp="20230424 14:09:55.971" level="INFO">Clicking button '//input[@id="login-button"]'.</msg>
<status status="PASS" starttime="20230424 14:09:55.971" endtime="20230424 14:09:56.095"></status>
</kw>
<status status="PASS" starttime="20230424 14:09:55.721" endtime="20230424 14:09:56.095"></status>
</kw>
<kw name="Wait Until Location Is" library="SeleniumLibrary">
<doc>Waits until the current URL is ``expected``.</doc>
<arguments>
<arg>${urlInventory}</arg>
<arg>timeout=5s</arg>
</arguments>
<status status="PASS" starttime="20230424 14:09:56.096" endtime="20230424 14:09:56.104"></status>
</kw>
<status status="PASS" starttime="20230424 14:09:55.631" endtime="20230424 14:09:56.105"></status>
</kw>
<kw name="Logout" library="login_keywords" type="teardown">
<kw name="Open Left Menu" library="saucedemo_keywords">
<kw name="Click Button" library="SeleniumLibrary">
<doc>Clicks the button identified by ``locator``.</doc>
<arguments>
<arg>${xpathOpenMenuButton}</arg>
</arguments>
<msg timestamp="20230424 14:09:56.107" level="INFO">Clicking button '//button[text()="Open Menu"]'.</msg>
<status status="PASS" starttime="20230424 14:09:56.106" endtime="20230424 14:09:56.195"></status>
</kw>
<status status="PASS" starttime="20230424 14:09:56.106" endtime="20230424 14:09:56.196"></status>
</kw>
<kw name="Click Element" library="SeleniumLibrary">
<doc>Click the element identified by ``locator``.</doc>
<arguments>
<arg>${xpathLogoutButton}</arg>
</arguments>
<msg timestamp="20230424 14:09:56.197" level="INFO">Clicking element '//a[@id="logout_sidebar_link"]'.</msg>
<status status="PASS" starttime="20230424 14:09:56.196" endtime="20230424 14:09:56.316"></status>
</kw>
<kw name="Wait Until Location Is" library="SeleniumLibrary">
<doc>Waits until the current URL is ``expected``.</doc>
<arguments>
<arg>${urlLogin}</arg>
<arg>timeout=5s</arg>
</arguments>
<status status="PASS" starttime="20230424 14:09:56.317" endtime="20230424 14:09:56.320"></status>
</kw>
<status status="PASS" starttime="20230424 14:09:56.105" endtime="20230424 14:09:56.320"></status>
</kw>
<doc>A login is made with the 'problem user' valid credentials
and it is validated in the 'Login with valid credentials'
keyword that we go to the inventory page. Then a logout is
done and it is validated that we go to the login page.</doc>
<tags>
<tag>Saucedemo_Login_sucess</tag>
</tags>
<status status="PASS" starttime="20230424 14:09:55.628" endtime="20230424 14:09:56.320" critical="yes"></status>
</test>
<test id="s1-t3" name="Accept_Login as a performance glitch user">
<kw name="Login with valid credentials" library="login_keywords">
<arguments>
<arg>${performance_glitch_user}</arg>
<arg>${password}</arg>
</arguments>
<kw name="Go to Login Page" library="login_keywords">
<kw name="Get Location" library="SeleniumLibrary">
<doc>Returns the current browser window URL.</doc>
<assign>
<var>${currentURL}</var>
</assign>
<msg timestamp="20230424 14:09:56.336" level="INFO">${currentURL} = https://www.saucedemo.com/</msg>
<status status="PASS" starttime="20230424 14:09:56.320" endtime="20230424 14:09:56.336"></status>
</kw>
<kw name="Run Keyword If" library="BuiltIn">
<doc>Runs the given keyword with the given arguments, if ``condition`` is true.</doc>
<arguments>
<arg>'${currentURL}'!='${urlLogin}'</arg>
<arg>Run Keywords</arg>
<arg>Go To</arg>
<arg>${urlLogin}</arg>
<arg>AND</arg>
<arg>Wait Until Location Is</arg>
<arg>${urlLogin}</arg>
<arg>timeout=5s</arg>
<arg>ELSE</arg>
<arg>Reload Page</arg>
</arguments>
<kw name="Reload Page" library="SeleniumLibrary">
<doc>Simulates user reloading page.</doc>
<status status="PASS" starttime="20230424 14:09:56.338" endtime="20230424 14:09:56.394"></status>
</kw>
<status status="PASS" starttime="20230424 14:09:56.337" endtime="20230424 14:09:56.394"></status>
</kw>
<status status="PASS" starttime="20230424 14:09:56.320" endtime="20230424 14:09:56.395"></status>
</kw>
<kw name="Login" library="login_keywords">
<arguments>
<arg>${username}</arg>
<arg>${password}</arg>
</arguments>
<kw name="Input Text" library="SeleniumLibrary">
<doc>Types the given ``text`` into the text field identified by ``locator``.</doc>
<arguments>
<arg>${xpathInputUsername}</arg>
<arg>${username}</arg>
</arguments>
<msg timestamp="20230424 14:09:56.398" level="INFO">Typing text 'performance_glitch_user' into text field '//input[@id="user-name"]'.</msg>
<status status="PASS" starttime="20230424 14:09:56.397" endtime="20230424 14:09:56.551"></status>
</kw>
<kw name="Input Password" library="SeleniumLibrary">
<doc>Types the given password into the text field identified by ``locator``.</doc>
<arguments>
<arg>${xpathInputPassword}</arg>
<arg>${password}</arg>
</arguments>
<msg timestamp="20230424 14:09:56.551" level="INFO">Typing password into text field '//input[@id="password"]'.</msg>
<msg timestamp="20230424 14:09:56.597" level="INFO">Temporally setting log level to: NONE</msg>
<msg timestamp="20230424 14:09:56.688" level="INFO">Log level changed from NONE to INFO.</msg>
<status status="PASS" starttime="20230424 14:09:56.551" endtime="20230424 14:09:56.688"></status>
</kw>
<kw name="Click Button" library="SeleniumLibrary">
<doc>Clicks the button identified by ``locator``.</doc>
<arguments>
<arg>${xpathLoginButton}</arg>
</arguments>
<msg timestamp="20230424 14:09:56.689" level="INFO">Clicking button '//input[@id="login-button"]'.</msg>
<status status="PASS" starttime="20230424 14:09:56.689" endtime="20230424 14:10:01.802"></status>
</kw>
<status status="PASS" starttime="20230424 14:09:56.395" endtime="20230424 14:10:01.803"></status>
</kw>
<kw name="Wait Until Location Is" library="SeleniumLibrary">
<doc>Waits until the current URL is ``expected``.</doc>
<arguments>
<arg>${urlInventory}</arg>
<arg>timeout=5s</arg>
</arguments>
<status status="PASS" starttime="20230424 14:10:01.803" endtime="20230424 14:10:01.818"></status>
</kw>
<status status="PASS" starttime="20230424 14:09:56.320" endtime="20230424 14:10:01.818"></status>
</kw>
<kw name="Logout" library="login_keywords" type="teardown">
<kw name="Open Left Menu" library="saucedemo_keywords">
<kw name="Click Button" library="SeleniumLibrary">
<doc>Clicks the button identified by ``locator``.</doc>
<arguments>
<arg>${xpathOpenMenuButton}</arg>
</arguments>
<msg timestamp="20230424 14:10:01.818" level="INFO">Clicking button '//button[text()="Open Menu"]'.</msg>
<status status="PASS" starttime="20230424 14:10:01.818" endtime="20230424 14:10:01.911"></status>
</kw>
<status status="PASS" starttime="20230424 14:10:01.818" endtime="20230424 14:10:01.912"></status>
</kw>
<kw name="Click Element" library="SeleniumLibrary">
<doc>Click the element identified by ``locator``.</doc>
<arguments>
<arg>${xpathLogoutButton}</arg>
</arguments>
<msg timestamp="20230424 14:10:01.913" level="INFO">Clicking element '//a[@id="logout_sidebar_link"]'.</msg>
<status status="PASS" starttime="20230424 14:10:01.912" endtime="20230424 14:10:02.037"></status>
</kw>
<kw name="Wait Until Location Is" library="SeleniumLibrary">
<doc>Waits until the current URL is ``expected``.</doc>
<arguments>
<arg>${urlLogin}</arg>
<arg>timeout=5s</arg>
</arguments>
<status status="PASS" starttime="20230424 14:10:02.037" endtime="20230424 14:10:02.047"></status>
</kw>
<status status="PASS" starttime="20230424 14:10:01.818" endtime="20230424 14:10:02.047"></status>
</kw>
<doc>A login is made with the 'performance glitch user' valid credentials
and it is validated in the 'Login with valid credentials'
keyword that we go to the inventory page. Then a logout is
done and it is validated that we go to the login page.</doc>
<tags>
<tag>Saucedemo_Login_sucess</tag>
</tags>
<status status="PASS" starttime="20230424 14:09:56.320" endtime="20230424 14:10:02.048" critical="yes"></status>
</test>
<kw name="Close All Browsers" library="SeleniumLibrary" type="teardown">
<doc>Closes all open browsers and resets the browser cache.</doc>
<status status="PASS" starttime="20230424 14:10:02.050" endtime="20230424 14:10:04.343"></status>
</kw>
<doc>A test suite containing login sucess test cases related to the e-commerce website: "https://www.saucedemo.com/"</doc>
<status status="PASS" starttime="20230424 14:09:51.127" endtime="20230424 14:10:04.343"></status>
</suite>
<statistics>
<total>
<stat pass="3" fail="0">Critical Tests</stat>
<stat pass="3" fail="0">All Tests</stat>
</total>
<tag>
<stat pass="3" fail="0">Saucedemo_Login_sucess</stat>
</tag>
<suite>
<stat pass="3" fail="0" id="s1" name="Saucedemo Sucess Login">Saucedemo Sucess Login</stat>
</suite>
</statistics>
<errors>
</errors>
</robot>
