<?xml version="1.0" encoding="UTF-8"?>
<robot generator="Robot 3.2.2 (Python 3.9.0 on win32)" generated="20230424 14:10:29.370" rpa="false">
<suite id="s1" name="Saucedemo Reject Login" source="C:\Users\Purvis\GitClones\Carlsberg\carlsberg_assessment\Exercise 2\first part\saucedemo_reject_login.robot">
<kw name="Run Keywords" library="BuiltIn" type="setup">
<doc>Executes all the given keywords in a sequence.</doc>
<arguments>
<arg>Set Selenium Implicit Wait</arg>
<arg>2s</arg>
<arg>AND</arg>
<arg>Open Browser</arg>
<arg>browser=${browser}</arg>
<arg>url=${urlLogin}</arg>
<arg>AND</arg>
<arg>Wait Until Location Is</arg>
<arg>${urlLogin}</arg>
<arg>timeout=5s</arg>
<arg>AND</arg>
<arg>Maximize Browser Window</arg>
</arguments>
<kw name="Set Selenium Implicit Wait" library="SeleniumLibrary">
<doc>Sets the implicit wait value used by Selenium.</doc>
<arguments>
<arg>2s</arg>
</arguments>
<status status="PASS" starttime="20230424 14:10:29.852" endtime="20230424 14:10:29.852"></status>
</kw>
<kw name="Open Browser" library="SeleniumLibrary">
<doc>Opens a new browser instance to the optional ``url``.</doc>
<arguments>
<arg>browser=${browser}</arg>
<arg>url=${urlLogin}</arg>
</arguments>
<msg timestamp="20230424 14:10:29.852" level="INFO">Opening browser 'Chrome' to base url 'https://www.saucedemo.com/'.</msg>
<status status="PASS" starttime="20230424 14:10:29.852" endtime="20230424 14:10:32.690"></status>
</kw>
<kw name="Wait Until Location Is" library="SeleniumLibrary">
<doc>Waits until the current URL is ``expected``.</doc>
<arguments>
<arg>${urlLogin}</arg>
<arg>timeout=5s</arg>
</arguments>
<status status="PASS" starttime="20230424 14:10:32.690" endtime="20230424 14:10:32.721"></status>
</kw>
<kw name="Maximize Browser Window" library="SeleniumLibrary">
<doc>Maximizes current browser window.</doc>
<status status="PASS" starttime="20230424 14:10:32.721" endtime="20230424 14:10:32.862"></status>
</kw>
<status status="PASS" starttime="20230424 14:10:29.852" endtime="20230424 14:10:32.862"></status>
</kw>
<test id="s1-t1" name="Reject_Login as a locked out user">
<kw name="Login with invalid credentials" library="login_keywords">
<arguments>
<arg>${locked_out_user}</arg>
<arg>${password}</arg>
<arg>${lockedUserErrorMessage}</arg>
</arguments>
<kw name="Go to Login Page" library="login_keywords">
<kw name="Get Location" library="SeleniumLibrary">
<doc>Returns the current browser window URL.</doc>
<assign>
<var>${currentURL}</var>
</assign>
<msg timestamp="20230424 14:10:32.886" level="INFO">${currentURL} = https://www.saucedemo.com/</msg>
<status status="PASS" starttime="20230424 14:10:32.862" endtime="20230424 14:10:32.886"></status>
</kw>
<kw name="Run Keyword If" library="BuiltIn">
<doc>Runs the given keyword with the given arguments, if ``condition`` is true.</doc>
<arguments>
<arg>'${currentURL}'!='${urlLogin}'</arg>
<arg>Run Keywords</arg>
<arg>Go To</arg>
<arg>${urlLogin}</arg>
<arg>AND</arg>
<arg>Wait Until Location Is</arg>
<arg>${urlLogin}</arg>
<arg>timeout=5s</arg>
<arg>ELSE</arg>
<arg>Reload Page</arg>
</arguments>
<kw name="Reload Page" library="SeleniumLibrary">
<doc>Simulates user reloading page.</doc>
<status status="PASS" starttime="20230424 14:10:32.887" endtime="20230424 14:10:33.002"></status>
</kw>
<status status="PASS" starttime="20230424 14:10:32.887" endtime="20230424 14:10:33.002"></status>
</kw>
<status status="PASS" starttime="20230424 14:10:32.862" endtime="20230424 14:10:33.003"></status>
</kw>
<kw name="Login" library="login_keywords">
<arguments>
<arg>${username}</arg>
<arg>${password}</arg>
</arguments>
<kw name="Input Text" library="SeleniumLibrary">
<doc>Types the given ``text`` into the text field identified by ``locator``.</doc>
<arguments>
<arg>${xpathInputUsername}</arg>
<arg>${username}</arg>
</arguments>
<msg timestamp="20230424 14:10:33.005" level="INFO">Typing text 'locked_out_user' into text field '//input[@id="user-name"]'.</msg>
<status status="PASS" starttime="20230424 14:10:33.004" endtime="20230424 14:10:33.166"></status>
</kw>
<kw name="Input Password" library="SeleniumLibrary">
<doc>Types the given password into the text field identified by ``locator``.</doc>
<arguments>
<arg>${xpathInputPassword}</arg>
<arg>${password}</arg>
</arguments>
<msg timestamp="20230424 14:10:33.166" level="INFO">Typing password into text field '//input[@id="password"]'.</msg>
<msg timestamp="20230424 14:10:33.226" level="INFO">Temporally setting log level to: NONE</msg>
<msg timestamp="20230424 14:10:33.310" level="INFO">Log level changed from NONE to INFO.</msg>
<status status="PASS" starttime="20230424 14:10:33.166" endtime="20230424 14:10:33.310"></status>
</kw>
<kw name="Click Button" library="SeleniumLibrary">
<doc>Clicks the button identified by ``locator``.</doc>
<arguments>
<arg>${xpathLoginButton}</arg>
</arguments>
<msg timestamp="20230424 14:10:33.310" level="INFO">Clicking button '//input[@id="login-button"]'.</msg>
<status status="PASS" starttime="20230424 14:10:33.310" endtime="20230424 14:10:33.397"></status>
</kw>
<status status="PASS" starttime="20230424 14:10:33.003" endtime="20230424 14:10:33.397"></status>
</kw>
<kw name="Validate error message on login Page" library="login_keywords">
<arguments>
<arg>${expectedErrorMessage}</arg>
</arguments>
<kw name="Replace String" library="String">
<doc>Replaces ``search_for`` in the given ``string`` with ``replace_with``.</doc>
<arguments>
<arg>${h3ErrorElement}</arg>
<arg>error message</arg>
<arg>${expectedErrorMessage}</arg>
</arguments>
<assign>
<var>${h3ErrorElement}</var>
</assign>
<msg timestamp="20230424 14:10:33.397" level="INFO">${h3ErrorElement} = //h3[text()="Epic sadface: Sorry, this user has been locked out."]</msg>
<status status="PASS" starttime="20230424 14:10:33.397" endtime="20230424 14:10:33.397"></status>
</kw>
<kw name="Page Should Contain Element" library="SeleniumLibrary">
<doc>Verifies that element ``locator`` is found on the current page.</doc>
<arguments>
<arg>${h3ErrorElement}</arg>
</arguments>
<msg timestamp="20230424 14:10:33.413" level="INFO">Current page contains element '//h3[text()="Epic sadface: Sorry, this user has been locked out."]'.</msg>
<status status="PASS" starttime="20230424 14:10:33.397" endtime="20230424 14:10:33.413"></status>
</kw>
<kw name="Get Location" library="SeleniumLibrary">
<doc>Returns the current browser window URL.</doc>
<assign>
<var>${currentURL}</var>
</assign>
<msg timestamp="20230424 14:10:33.413" level="INFO">${currentURL} = https://www.saucedemo.com/</msg>
<status status="PASS" starttime="20230424 14:10:33.413" endtime="20230424 14:10:33.413"></status>
</kw>
<kw name="Should Be Equal" library="BuiltIn">
<doc>Fails if the given objects are unequal.</doc>
<arguments>
<arg>${currentURL}</arg>
<arg>${urlLogin}</arg>
</arguments>
<status status="PASS" starttime="20230424 14:10:33.413" endtime="20230424 14:10:33.413"></status>
</kw>
<status status="PASS" starttime="20230424 14:10:33.397" endtime="20230424 14:10:33.413"></status>
</kw>
<status status="PASS" starttime="20230424 14:10:32.862" endtime="20230424 14:10:33.413"></status>
</kw>
<doc>A login attempt is made as a 'locked out user' and
it is expected to get the error message:
"Epic sadface: Sorry, this user has been locked out.".</doc>
<tags>
<tag>Saucedemo_Login_reject</tag>
</tags>
<status status="PASS" starttime="20230424 14:10:32.862" endtime="20230424 14:10:33.413" critical="yes"></status>
</test>
<test id="s1-t2" name="Reject_Login with no username and valid password">
<kw name="Login with invalid credentials" library="login_keywords">
<arguments>
<arg>${EMPTY}</arg>
<arg>${password}</arg>
<arg>${usernameRequiredErrorMessage}</arg>
</arguments>
<kw name="Go to Login Page" library="login_keywords">
<kw name="Get Location" library="SeleniumLibrary">
<doc>Returns the current browser window URL.</doc>
<assign>
<var>${currentURL}</var>
</assign>
<msg timestamp="20230424 14:10:33.429" level="INFO">${currentURL} = https://www.saucedemo.com/</msg>
<status status="PASS" starttime="20230424 14:10:33.429" endtime="20230424 14:10:33.429"></status>
</kw>
<kw name="Run Keyword If" library="BuiltIn">
<doc>Runs the given keyword with the given arguments, if ``condition`` is true.</doc>
<arguments>
<arg>'${currentURL}'!='${urlLogin}'</arg>
<arg>Run Keywords</arg>
<arg>Go To</arg>
<arg>${urlLogin}</arg>
<arg>AND</arg>
<arg>Wait Until Location Is</arg>
<arg>${urlLogin}</arg>
<arg>timeout=5s</arg>
<arg>ELSE</arg>
<arg>Reload Page</arg>
</arguments>
<kw name="Reload Page" library="SeleniumLibrary">
<doc>Simulates user reloading page.</doc>
<status status="PASS" starttime="20230424 14:10:33.429" endtime="20230424 14:10:33.544"></status>
</kw>
<status status="PASS" starttime="20230424 14:10:33.429" endtime="20230424 14:10:33.544"></status>
</kw>
<status status="PASS" starttime="20230424 14:10:33.429" endtime="20230424 14:10:33.544"></status>
</kw>
<kw name="Login" library="login_keywords">
<arguments>
<arg>${username}</arg>
<arg>${password}</arg>
</arguments>
<kw name="Input Text" library="SeleniumLibrary">
<doc>Types the given ``text`` into the text field identified by ``locator``.</doc>
<arguments>
<arg>${xpathInputUsername}</arg>
<arg>${username}</arg>
</arguments>
<msg timestamp="20230424 14:10:33.546" level="INFO">Typing text '' into text field '//input[@id="user-name"]'.</msg>
<status status="PASS" starttime="20230424 14:10:33.545" endtime="20230424 14:10:33.649"></status>
</kw>
<kw name="Input Password" library="SeleniumLibrary">
<doc>Types the given password into the text field identified by ``locator``.</doc>
<arguments>
<arg>${xpathInputPassword}</arg>
<arg>${password}</arg>
</arguments>
<msg timestamp="20230424 14:10:33.649" level="INFO">Typing password into text field '//input[@id="password"]'.</msg>
<msg timestamp="20230424 14:10:33.707" level="INFO">Temporally setting log level to: NONE</msg>
<msg timestamp="20230424 14:10:33.785" level="INFO">Log level changed from NONE to INFO.</msg>
<status status="PASS" starttime="20230424 14:10:33.649" endtime="20230424 14:10:33.785"></status>
</kw>
<kw name="Click Button" library="SeleniumLibrary">
<doc>Clicks the button identified by ``locator``.</doc>
<arguments>
<arg>${xpathLoginButton}</arg>
</arguments>
<msg timestamp="20230424 14:10:33.785" level="INFO">Clicking button '//input[@id="login-button"]'.</msg>
<status status="PASS" starttime="20230424 14:10:33.785" endtime="20230424 14:10:33.859"></status>
</kw>
<status status="PASS" starttime="20230424 14:10:33.544" endtime="20230424 14:10:33.859"></status>
</kw>
<kw name="Validate error message on login Page" library="login_keywords">
<arguments>
<arg>${expectedErrorMessage}</arg>
</arguments>
<kw name="Replace String" library="String">
<doc>Replaces ``search_for`` in the given ``string`` with ``replace_with``.</doc>
<arguments>
<arg>${h3ErrorElement}</arg>
<arg>error message</arg>
<arg>${expectedErrorMessage}</arg>
</arguments>
<assign>
<var>${h3ErrorElement}</var>
</assign>
<msg timestamp="20230424 14:10:33.859" level="INFO">${h3ErrorElement} = //h3[text()="Epic sadface: Username is required"]</msg>
<status status="PASS" starttime="20230424 14:10:33.859" endtime="20230424 14:10:33.859"></status>
</kw>
<kw name="Page Should Contain Element" library="SeleniumLibrary">
<doc>Verifies that element ``locator`` is found on the current page.</doc>
<arguments>
<arg>${h3ErrorElement}</arg>
</arguments>
<msg timestamp="20230424 14:10:33.879" level="INFO">Current page contains element '//h3[text()="Epic sadface: Username is required"]'.</msg>
<status status="PASS" starttime="20230424 14:10:33.864" endtime="20230424 14:10:33.879"></status>
</kw>
<kw name="Get Location" library="SeleniumLibrary">
<doc>Returns the current browser window URL.</doc>
<assign>
<var>${currentURL}</var>
</assign>
<msg timestamp="20230424 14:10:33.887" level="INFO">${currentURL} = https://www.saucedemo.com/</msg>
<status status="PASS" starttime="20230424 14:10:33.879" endtime="20230424 14:10:33.887"></status>
</kw>
<kw name="Should Be Equal" library="BuiltIn">
<doc>Fails if the given objects are unequal.</doc>
<arguments>
<arg>${currentURL}</arg>
<arg>${urlLogin}</arg>
</arguments>
<status status="PASS" starttime="20230424 14:10:33.887" endtime="20230424 14:10:33.887"></status>
</kw>
<status status="PASS" starttime="20230424 14:10:33.859" endtime="20230424 14:10:33.888"></status>
</kw>
<status status="PASS" starttime="20230424 14:10:33.429" endtime="20230424 14:10:33.888"></status>
</kw>
<doc>A login attempt is made with no username and valid
password and it is expected to get the error message:
"Epic sadface: Username is required".</doc>
<tags>
<tag>Saucedemo_Login_reject</tag>
</tags>
<status status="PASS" starttime="20230424 14:10:33.429" endtime="20230424 14:10:33.888" critical="yes"></status>
</test>
<test id="s1-t3" name="Reject_Login with a valid username and no password">
<kw name="Login with invalid credentials" library="login_keywords">
<arguments>
<arg>${standard_user}</arg>
<arg>${EMPTY}</arg>
<arg>${passwordRequiredErrorMessage}</arg>
</arguments>
<kw name="Go to Login Page" library="login_keywords">
<kw name="Get Location" library="SeleniumLibrary">
<doc>Returns the current browser window URL.</doc>
<assign>
<var>${currentURL}</var>
</assign>
<msg timestamp="20230424 14:10:33.898" level="INFO">${currentURL} = https://www.saucedemo.com/</msg>
<status status="PASS" starttime="20230424 14:10:33.892" endtime="20230424 14:10:33.898"></status>
</kw>
<kw name="Run Keyword If" library="BuiltIn">
<doc>Runs the given keyword with the given arguments, if ``condition`` is true.</doc>
<arguments>
<arg>'${currentURL}'!='${urlLogin}'</arg>
<arg>Run Keywords</arg>
<arg>Go To</arg>
<arg>${urlLogin}</arg>
<arg>AND</arg>
<arg>Wait Until Location Is</arg>
<arg>${urlLogin}</arg>
<arg>timeout=5s</arg>
<arg>ELSE</arg>
<arg>Reload Page</arg>
</arguments>
<kw name="Reload Page" library="SeleniumLibrary">
<doc>Simulates user reloading page.</doc>
<status status="PASS" starttime="20230424 14:10:33.898" endtime="20230424 14:10:33.957"></status>
</kw>
<status status="PASS" starttime="20230424 14:10:33.898" endtime="20230424 14:10:33.958"></status>
</kw>
<status status="PASS" starttime="20230424 14:10:33.892" endtime="20230424 14:10:33.958"></status>
</kw>
<kw name="Login" library="login_keywords">
<arguments>
<arg>${username}</arg>
<arg>${password}</arg>
</arguments>
<kw name="Input Text" library="SeleniumLibrary">
<doc>Types the given ``text`` into the text field identified by ``locator``.</doc>
<arguments>
<arg>${xpathInputUsername}</arg>
<arg>${username}</arg>
</arguments>
<msg timestamp="20230424 14:10:33.960" level="INFO">Typing text 'standard_user' into text field '//input[@id="user-name"]'.</msg>
<status status="PASS" starttime="20230424 14:10:33.959" endtime="20230424 14:10:34.089"></status>
</kw>
<kw name="Input Password" library="SeleniumLibrary">
<doc>Types the given password into the text field identified by ``locator``.</doc>
<arguments>
<arg>${xpathInputPassword}</arg>
<arg>${password}</arg>
</arguments>
<msg timestamp="20230424 14:10:34.089" level="INFO">Typing password into text field '//input[@id="password"]'.</msg>
<msg timestamp="20230424 14:10:34.133" level="INFO">Temporally setting log level to: NONE</msg>
<msg timestamp="20230424 14:10:34.188" level="INFO">Log level changed from NONE to INFO.</msg>
<status status="PASS" starttime="20230424 14:10:34.089" endtime="20230424 14:10:34.188"></status>
</kw>
<kw name="Click Button" library="SeleniumLibrary">
<doc>Clicks the button identified by ``locator``.</doc>
<arguments>
<arg>${xpathLoginButton}</arg>
</arguments>
<msg timestamp="20230424 14:10:34.188" level="INFO">Clicking button '//input[@id="login-button"]'.</msg>
<status status="PASS" starttime="20230424 14:10:34.188" endtime="20230424 14:10:34.268"></status>
</kw>
<status status="PASS" starttime="20230424 14:10:33.958" endtime="20230424 14:10:34.268"></status>
</kw>
<kw name="Validate error message on login Page" library="login_keywords">
<arguments>
<arg>${expectedErrorMessage}</arg>
</arguments>
<kw name="Replace String" library="String">
<doc>Replaces ``search_for`` in the given ``string`` with ``replace_with``.</doc>
<arguments>
<arg>${h3ErrorElement}</arg>
<arg>error message</arg>
<arg>${expectedErrorMessage}</arg>
</arguments>
<assign>
<var>${h3ErrorElement}</var>
</assign>
<msg timestamp="20230424 14:10:34.271" level="INFO">${h3ErrorElement} = //h3[text()="Epic sadface: Password is required"]</msg>
<status status="PASS" starttime="20230424 14:10:34.270" endtime="20230424 14:10:34.271"></status>
</kw>
<kw name="Page Should Contain Element" library="SeleniumLibrary">
<doc>Verifies that element ``locator`` is found on the current page.</doc>
<arguments>
<arg>${h3ErrorElement}</arg>
</arguments>
<msg timestamp="20230424 14:10:34.286" level="INFO">Current page contains element '//h3[text()="Epic sadface: Password is required"]'.</msg>
<status status="PASS" starttime="20230424 14:10:34.271" endtime="20230424 14:10:34.286"></status>
</kw>
<kw name="Get Location" library="SeleniumLibrary">
<doc>Returns the current browser window URL.</doc>
<assign>
<var>${currentURL}</var>
</assign>
<msg timestamp="20230424 14:10:34.292" level="INFO">${currentURL} = https://www.saucedemo.com/</msg>
<status status="PASS" starttime="20230424 14:10:34.286" endtime="20230424 14:10:34.292"></status>
</kw>
<kw name="Should Be Equal" library="BuiltIn">
<doc>Fails if the given objects are unequal.</doc>
<arguments>
<arg>${currentURL}</arg>
<arg>${urlLogin}</arg>
</arguments>
<status status="PASS" starttime="20230424 14:10:34.292" endtime="20230424 14:10:34.293"></status>
</kw>
<status status="PASS" starttime="20230424 14:10:34.269" endtime="20230424 14:10:34.293"></status>
</kw>
<status status="PASS" starttime="20230424 14:10:33.891" endtime="20230424 14:10:34.293"></status>
</kw>
<doc>A login attempt is made with a valid username and no
password and it is expected to get the error message:
"Epic sadface: Password is required".</doc>
<tags>
<tag>Saucedemo_Login_reject</tag>
</tags>
<status status="PASS" starttime="20230424 14:10:33.889" endtime="20230424 14:10:34.294" critical="yes"></status>
</test>
<test id="s1-t4" name="Reject_Login with no username and no password">
<kw name="Login with invalid credentials" library="login_keywords">
<arguments>
<arg>${EMPTY}</arg>
<arg>${EMPTY}</arg>
<arg>${usernameRequiredErrorMessage}</arg>
</arguments>
<kw name="Go to Login Page" library="login_keywords">
<kw name="Get Location" library="SeleniumLibrary">
<doc>Returns the current browser window URL.</doc>
<assign>
<var>${currentURL}</var>
</assign>
<msg timestamp="20230424 14:10:34.297" level="INFO">${currentURL} = https://www.saucedemo.com/</msg>
<status status="PASS" starttime="20230424 14:10:34.297" endtime="20230424 14:10:34.297"></status>
</kw>
<kw name="Run Keyword If" library="BuiltIn">
<doc>Runs the given keyword with the given arguments, if ``condition`` is true.</doc>
<arguments>
<arg>'${currentURL}'!='${urlLogin}'</arg>
<arg>Run Keywords</arg>
<arg>Go To</arg>
<arg>${urlLogin}</arg>
<arg>AND</arg>
<arg>Wait Until Location Is</arg>
<arg>${urlLogin}</arg>
<arg>timeout=5s</arg>
<arg>ELSE</arg>
<arg>Reload Page</arg>
</arguments>
<kw name="Reload Page" library="SeleniumLibrary">
<doc>Simulates user reloading page.</doc>
<status status="PASS" starttime="20230424 14:10:34.297" endtime="20230424 14:10:34.360"></status>
</kw>
<status status="PASS" starttime="20230424 14:10:34.297" endtime="20230424 14:10:34.360"></status>
</kw>
<status status="PASS" starttime="20230424 14:10:34.297" endtime="20230424 14:10:34.360"></status>
</kw>
<kw name="Login" library="login_keywords">
<arguments>
<arg>${username}</arg>
<arg>${password}</arg>
</arguments>
<kw name="Input Text" library="SeleniumLibrary">
<doc>Types the given ``text`` into the text field identified by ``locator``.</doc>
<arguments>
<arg>${xpathInputUsername}</arg>
<arg>${username}</arg>
</arguments>
<msg timestamp="20230424 14:10:34.363" level="INFO">Typing text '' into text field '//input[@id="user-name"]'.</msg>
<status status="PASS" starttime="20230424 14:10:34.362" endtime="20230424 14:10:34.456"></status>
</kw>
<kw name="Input Password" library="SeleniumLibrary">
<doc>Types the given password into the text field identified by ``locator``.</doc>
<arguments>
<arg>${xpathInputPassword}</arg>
<arg>${password}</arg>
</arguments>
<msg timestamp="20230424 14:10:34.456" level="INFO">Typing password into text field '//input[@id="password"]'.</msg>
<msg timestamp="20230424 14:10:34.517" level="INFO">Temporally setting log level to: NONE</msg>
<msg timestamp="20230424 14:10:34.567" level="INFO">Log level changed from NONE to INFO.</msg>
<status status="PASS" starttime="20230424 14:10:34.456" endtime="20230424 14:10:34.567"></status>
</kw>
<kw name="Click Button" library="SeleniumLibrary">
<doc>Clicks the button identified by ``locator``.</doc>
<arguments>
<arg>${xpathLoginButton}</arg>
</arguments>
<msg timestamp="20230424 14:10:34.567" level="INFO">Clicking button '//input[@id="login-button"]'.</msg>
<status status="PASS" starttime="20230424 14:10:34.567" endtime="20230424 14:10:34.647"></status>
</kw>
<status status="PASS" starttime="20230424 14:10:34.361" endtime="20230424 14:10:34.648"></status>
</kw>
<kw name="Validate error message on login Page" library="login_keywords">
<arguments>
<arg>${expectedErrorMessage}</arg>
</arguments>
<kw name="Replace String" library="String">
<doc>Replaces ``search_for`` in the given ``string`` with ``replace_with``.</doc>
<arguments>
<arg>${h3ErrorElement}</arg>
<arg>error message</arg>
<arg>${expectedErrorMessage}</arg>
</arguments>
<assign>
<var>${h3ErrorElement}</var>
</assign>
<msg timestamp="20230424 14:10:34.649" level="INFO">${h3ErrorElement} = //h3[text()="Epic sadface: Username is required"]</msg>
<status status="PASS" starttime="20230424 14:10:34.648" endtime="20230424 14:10:34.649"></status>
</kw>
<kw name="Page Should Contain Element" library="SeleniumLibrary">
<doc>Verifies that element ``locator`` is found on the current page.</doc>
<arguments>
<arg>${h3ErrorElement}</arg>
</arguments>
<msg timestamp="20230424 14:10:34.658" level="INFO">Current page contains element '//h3[text()="Epic sadface: Username is required"]'.</msg>
<status status="PASS" starttime="20230424 14:10:34.649" endtime="20230424 14:10:34.658"></status>
</kw>
<kw name="Get Location" library="SeleniumLibrary">
<doc>Returns the current browser window URL.</doc>
<assign>
<var>${currentURL}</var>
</assign>
<msg timestamp="20230424 14:10:34.664" level="INFO">${currentURL} = https://www.saucedemo.com/</msg>
<status status="PASS" starttime="20230424 14:10:34.658" endtime="20230424 14:10:34.664"></status>
</kw>
<kw name="Should Be Equal" library="BuiltIn">
<doc>Fails if the given objects are unequal.</doc>
<arguments>
<arg>${currentURL}</arg>
<arg>${urlLogin}</arg>
</arguments>
<status status="PASS" starttime="20230424 14:10:34.664" endtime="20230424 14:10:34.665"></status>
</kw>
<status status="PASS" starttime="20230424 14:10:34.648" endtime="20230424 14:10:34.665"></status>
</kw>
<status status="PASS" starttime="20230424 14:10:34.297" endtime="20230424 14:10:34.665"></status>
</kw>
<doc>A login attempt is made with no username and no
password and it is expected to get the error message:
"Epic sadface: Username is required".</doc>
<tags>
<tag>Saucedemo_Login_reject</tag>
</tags>
<status status="PASS" starttime="20230424 14:10:34.295" endtime="20230424 14:10:34.666" critical="yes"></status>
</test>
<test id="s1-t5" name="Reject_Login with invalid username and valid password">
<kw name="Login with invalid credentials" library="login_keywords">
<arguments>
<arg>blablabla</arg>
<arg>${password}</arg>
<arg>${invalidCredentialsErrorMessage}</arg>
</arguments>
<kw name="Go to Login Page" library="login_keywords">
<kw name="Get Location" library="SeleniumLibrary">
<doc>Returns the current browser window URL.</doc>
<assign>
<var>${currentURL}</var>
</assign>
<msg timestamp="20230424 14:10:34.675" level="INFO">${currentURL} = https://www.saucedemo.com/</msg>
<status status="PASS" starttime="20230424 14:10:34.670" endtime="20230424 14:10:34.675"></status>
</kw>
<kw name="Run Keyword If" library="BuiltIn">
<doc>Runs the given keyword with the given arguments, if ``condition`` is true.</doc>
<arguments>
<arg>'${currentURL}'!='${urlLogin}'</arg>
<arg>Run Keywords</arg>
<arg>Go To</arg>
<arg>${urlLogin}</arg>
<arg>AND</arg>
<arg>Wait Until Location Is</arg>
<arg>${urlLogin}</arg>
<arg>timeout=5s</arg>
<arg>ELSE</arg>
<arg>Reload Page</arg>
</arguments>
<kw name="Reload Page" library="SeleniumLibrary">
<doc>Simulates user reloading page.</doc>
<status status="PASS" starttime="20230424 14:10:34.676" endtime="20230424 14:10:34.739"></status>
</kw>
<status status="PASS" starttime="20230424 14:10:34.675" endtime="20230424 14:10:34.739"></status>
</kw>
<status status="PASS" starttime="20230424 14:10:34.669" endtime="20230424 14:10:34.739"></status>
</kw>
<kw name="Login" library="login_keywords">
<arguments>
<arg>${username}</arg>
<arg>${password}</arg>
</arguments>
<kw name="Input Text" library="SeleniumLibrary">
<doc>Types the given ``text`` into the text field identified by ``locator``.</doc>
<arguments>
<arg>${xpathInputUsername}</arg>
<arg>${username}</arg>
</arguments>
<msg timestamp="20230424 14:10:34.741" level="INFO">Typing text 'blablabla' into text field '//input[@id="user-name"]'.</msg>
<status status="PASS" starttime="20230424 14:10:34.740" endtime="20230424 14:10:34.865"></status>
</kw>
<kw name="Input Password" library="SeleniumLibrary">
<doc>Types the given password into the text field identified by ``locator``.</doc>
<arguments>
<arg>${xpathInputPassword}</arg>
<arg>${password}</arg>
</arguments>
<msg timestamp="20230424 14:10:34.865" level="INFO">Typing password into text field '//input[@id="password"]'.</msg>
<msg timestamp="20230424 14:10:34.914" level="INFO">Temporally setting log level to: NONE</msg>
<msg timestamp="20230424 14:10:34.989" level="INFO">Log level changed from NONE to INFO.</msg>
<status status="PASS" starttime="20230424 14:10:34.865" endtime="20230424 14:10:34.989"></status>
</kw>
<kw name="Click Button" library="SeleniumLibrary">
<doc>Clicks the button identified by ``locator``.</doc>
<arguments>
<arg>${xpathLoginButton}</arg>
</arguments>
<msg timestamp="20230424 14:10:34.989" level="INFO">Clicking button '//input[@id="login-button"]'.</msg>
<status status="PASS" starttime="20230424 14:10:34.989" endtime="20230424 14:10:35.069"></status>
</kw>
<status status="PASS" starttime="20230424 14:10:34.739" endtime="20230424 14:10:35.070"></status>
</kw>
<kw name="Validate error message on login Page" library="login_keywords">
<arguments>
<arg>${expectedErrorMessage}</arg>
</arguments>
<kw name="Replace String" library="String">
<doc>Replaces ``search_for`` in the given ``string`` with ``replace_with``.</doc>
<arguments>
<arg>${h3ErrorElement}</arg>
<arg>error message</arg>
<arg>${expectedErrorMessage}</arg>
</arguments>
<assign>
<var>${h3ErrorElement}</var>
</assign>
<msg timestamp="20230424 14:10:35.073" level="INFO">${h3ErrorElement} = //h3[text()="Epic sadface: Username and password do not match any user in this service"]</msg>
<status status="PASS" starttime="20230424 14:10:35.072" endtime="20230424 14:10:35.073"></status>
</kw>
<kw name="Page Should Contain Element" library="SeleniumLibrary">
<doc>Verifies that element ``locator`` is found on the current page.</doc>
<arguments>
<arg>${h3ErrorElement}</arg>
</arguments>
<msg timestamp="20230424 14:10:35.090" level="INFO">Current page contains element '//h3[text()="Epic sadface: Username and password do not match any user in this service"]'.</msg>
<status status="PASS" starttime="20230424 14:10:35.073" endtime="20230424 14:10:35.090"></status>
</kw>
<kw name="Get Location" library="SeleniumLibrary">
<doc>Returns the current browser window URL.</doc>
<assign>
<var>${currentURL}</var>
</assign>
<msg timestamp="20230424 14:10:35.096" level="INFO">${currentURL} = https://www.saucedemo.com/</msg>
<status status="PASS" starttime="20230424 14:10:35.090" endtime="20230424 14:10:35.096"></status>
</kw>
<kw name="Should Be Equal" library="BuiltIn">
<doc>Fails if the given objects are unequal.</doc>
<arguments>
<arg>${currentURL}</arg>
<arg>${urlLogin}</arg>
</arguments>
<status status="PASS" starttime="20230424 14:10:35.096" endtime="20230424 14:10:35.097"></status>
</kw>
<status status="PASS" starttime="20230424 14:10:35.071" endtime="20230424 14:10:35.097"></status>
</kw>
<status status="PASS" starttime="20230424 14:10:34.669" endtime="20230424 14:10:35.097"></status>
</kw>
<doc>A login attempt is made with an invalid username and valid
password and it is expected to get the error message:
"Epic sadface: Username and password do not match any user in this service".</doc>
<tags>
<tag>Saucedemo_Login_reject</tag>
</tags>
<status status="PASS" starttime="20230424 14:10:34.667" endtime="20230424 14:10:35.097" critical="yes"></status>
</test>
<test id="s1-t6" name="Reject_Login with valid username and invalid password">
<kw name="Login with invalid credentials" library="login_keywords">
<arguments>
<arg>${standard_user}</arg>
<arg>blablabla</arg>
<arg>${invalidCredentialsErrorMessage}</arg>
</arguments>
<kw name="Go to Login Page" library="login_keywords">
<kw name="Get Location" library="SeleniumLibrary">
<doc>Returns the current browser window URL.</doc>
<assign>
<var>${currentURL}</var>
</assign>
<msg timestamp="20230424 14:10:35.109" level="INFO">${currentURL} = https://www.saucedemo.com/</msg>
<status status="PASS" starttime="20230424 14:10:35.097" endtime="20230424 14:10:35.109"></status>
</kw>
<kw name="Run Keyword If" library="BuiltIn">
<doc>Runs the given keyword with the given arguments, if ``condition`` is true.</doc>
<arguments>
<arg>'${currentURL}'!='${urlLogin}'</arg>
<arg>Run Keywords</arg>
<arg>Go To</arg>
<arg>${urlLogin}</arg>
<arg>AND</arg>
<arg>Wait Until Location Is</arg>
<arg>${urlLogin}</arg>
<arg>timeout=5s</arg>
<arg>ELSE</arg>
<arg>Reload Page</arg>
</arguments>
<kw name="Reload Page" library="SeleniumLibrary">
<doc>Simulates user reloading page.</doc>
<status status="PASS" starttime="20230424 14:10:35.109" endtime="20230424 14:10:35.163"></status>
</kw>
<status status="PASS" starttime="20230424 14:10:35.109" endtime="20230424 14:10:35.163"></status>
</kw>
<status status="PASS" starttime="20230424 14:10:35.097" endtime="20230424 14:10:35.163"></status>
</kw>
<kw name="Login" library="login_keywords">
<arguments>
<arg>${username}</arg>
<arg>${password}</arg>
</arguments>
<kw name="Input Text" library="SeleniumLibrary">
<doc>Types the given ``text`` into the text field identified by ``locator``.</doc>
<arguments>
<arg>${xpathInputUsername}</arg>
<arg>${username}</arg>
</arguments>
<msg timestamp="20230424 14:10:35.165" level="INFO">Typing text 'standard_user' into text field '//input[@id="user-name"]'.</msg>
<status status="PASS" starttime="20230424 14:10:35.164" endtime="20230424 14:10:35.292"></status>
</kw>
<kw name="Input Password" library="SeleniumLibrary">
<doc>Types the given password into the text field identified by ``locator``.</doc>
<arguments>
<arg>${xpathInputPassword}</arg>
<arg>${password}</arg>
</arguments>
<msg timestamp="20230424 14:10:35.292" level="INFO">Typing password into text field '//input[@id="password"]'.</msg>
<msg timestamp="20230424 14:10:35.332" level="INFO">Temporally setting log level to: NONE</msg>
<msg timestamp="20230424 14:10:35.409" level="INFO">Log level changed from NONE to INFO.</msg>
<status status="PASS" starttime="20230424 14:10:35.292" endtime="20230424 14:10:35.409"></status>
</kw>
<kw name="Click Button" library="SeleniumLibrary">
<doc>Clicks the button identified by ``locator``.</doc>
<arguments>
<arg>${xpathLoginButton}</arg>
</arguments>
<msg timestamp="20230424 14:10:35.409" level="INFO">Clicking button '//input[@id="login-button"]'.</msg>
<status status="PASS" starttime="20230424 14:10:35.409" endtime="20230424 14:10:35.478"></status>
</kw>
<status status="PASS" starttime="20230424 14:10:35.163" endtime="20230424 14:10:35.478"></status>
</kw>
<kw name="Validate error message on login Page" library="login_keywords">
<arguments>
<arg>${expectedErrorMessage}</arg>
</arguments>
<kw name="Replace String" library="String">
<doc>Replaces ``search_for`` in the given ``string`` with ``replace_with``.</doc>
<arguments>
<arg>${h3ErrorElement}</arg>
<arg>error message</arg>
<arg>${expectedErrorMessage}</arg>
</arguments>
<assign>
<var>${h3ErrorElement}</var>
</assign>
<msg timestamp="20230424 14:10:35.482" level="INFO">${h3ErrorElement} = //h3[text()="Epic sadface: Username and password do not match any user in this service"]</msg>
<status status="PASS" starttime="20230424 14:10:35.481" endtime="20230424 14:10:35.482"></status>
</kw>
<kw name="Page Should Contain Element" library="SeleniumLibrary">
<doc>Verifies that element ``locator`` is found on the current page.</doc>
<arguments>
<arg>${h3ErrorElement}</arg>
</arguments>
<msg timestamp="20230424 14:10:35.491" level="INFO">Current page contains element '//h3[text()="Epic sadface: Username and password do not match any user in this service"]'.</msg>
<status status="PASS" starttime="20230424 14:10:35.482" endtime="20230424 14:10:35.491"></status>
</kw>
<kw name="Get Location" library="SeleniumLibrary">
<doc>Returns the current browser window URL.</doc>
<assign>
<var>${currentURL}</var>
</assign>
<msg timestamp="20230424 14:10:35.497" level="INFO">${currentURL} = https://www.saucedemo.com/</msg>
<status status="PASS" starttime="20230424 14:10:35.491" endtime="20230424 14:10:35.497"></status>
</kw>
<kw name="Should Be Equal" library="BuiltIn">
<doc>Fails if the given objects are unequal.</doc>
<arguments>
<arg>${currentURL}</arg>
<arg>${urlLogin}</arg>
</arguments>
<status status="PASS" starttime="20230424 14:10:35.497" endtime="20230424 14:10:35.497"></status>
</kw>
<status status="PASS" starttime="20230424 14:10:35.480" endtime="20230424 14:10:35.498"></status>
</kw>
<status status="PASS" starttime="20230424 14:10:35.097" endtime="20230424 14:10:35.498"></status>
</kw>
<doc>A login attempt is made with valid username and invalid
password and it is expected to get the error message:
"Epic sadface: Username and password do not match any user in this service".</doc>
<tags>
<tag>Saucedemo_Login_reject</tag>
</tags>
<status status="PASS" starttime="20230424 14:10:35.097" endtime="20230424 14:10:35.499" critical="yes"></status>
</test>
<test id="s1-t7" name="Reject_Login with both invalid username and invalid password">
<kw name="Login with invalid credentials" library="login_keywords">
<arguments>
<arg>invalid_username</arg>
<arg>invalid_password</arg>
<arg>${invalidCredentialsErrorMessage}</arg>
</arguments>
<kw name="Go to Login Page" library="login_keywords">
<kw name="Get Location" library="SeleniumLibrary">
<doc>Returns the current browser window URL.</doc>
<assign>
<var>${currentURL}</var>
</assign>
<msg timestamp="20230424 14:10:35.509" level="INFO">${currentURL} = https://www.saucedemo.com/</msg>
<status status="PASS" starttime="20230424 14:10:35.503" endtime="20230424 14:10:35.509"></status>
</kw>
<kw name="Run Keyword If" library="BuiltIn">
<doc>Runs the given keyword with the given arguments, if ``condition`` is true.</doc>
<arguments>
<arg>'${currentURL}'!='${urlLogin}'</arg>
<arg>Run Keywords</arg>
<arg>Go To</arg>
<arg>${urlLogin}</arg>
<arg>AND</arg>
<arg>Wait Until Location Is</arg>
<arg>${urlLogin}</arg>
<arg>timeout=5s</arg>
<arg>ELSE</arg>
<arg>Reload Page</arg>
</arguments>
<kw name="Reload Page" library="SeleniumLibrary">
<doc>Simulates user reloading page.</doc>
<status status="PASS" starttime="20230424 14:10:35.510" endtime="20230424 14:10:35.562"></status>
</kw>
<status status="PASS" starttime="20230424 14:10:35.510" endtime="20230424 14:10:35.562"></status>
</kw>
<status status="PASS" starttime="20230424 14:10:35.502" endtime="20230424 14:10:35.563"></status>
</kw>
<kw name="Login" library="login_keywords">
<arguments>
<arg>${username}</arg>
<arg>${password}</arg>
</arguments>
<kw name="Input Text" library="SeleniumLibrary">
<doc>Types the given ``text`` into the text field identified by ``locator``.</doc>
<arguments>
<arg>${xpathInputUsername}</arg>
<arg>${username}</arg>
</arguments>
<msg timestamp="20230424 14:10:35.565" level="INFO">Typing text 'invalid_username' into text field '//input[@id="user-name"]'.</msg>
<status status="PASS" starttime="20230424 14:10:35.565" endtime="20230424 14:10:35.701"></status>
</kw>
<kw name="Input Password" library="SeleniumLibrary">
<doc>Types the given password into the text field identified by ``locator``.</doc>
<arguments>
<arg>${xpathInputPassword}</arg>
<arg>${password}</arg>
</arguments>
<msg timestamp="20230424 14:10:35.701" level="INFO">Typing password into text field '//input[@id="password"]'.</msg>
<msg timestamp="20230424 14:10:35.749" level="INFO">Temporally setting log level to: NONE</msg>
<msg timestamp="20230424 14:10:35.850" level="INFO">Log level changed from NONE to INFO.</msg>
<status status="PASS" starttime="20230424 14:10:35.701" endtime="20230424 14:10:35.850"></status>
</kw>
<kw name="Click Button" library="SeleniumLibrary">
<doc>Clicks the button identified by ``locator``.</doc>
<arguments>
<arg>${xpathLoginButton}</arg>
</arguments>
<msg timestamp="20230424 14:10:35.850" level="INFO">Clicking button '//input[@id="login-button"]'.</msg>
<status status="PASS" starttime="20230424 14:10:35.850" endtime="20230424 14:10:35.933"></status>
</kw>
<status status="PASS" starttime="20230424 14:10:35.563" endtime="20230424 14:10:35.933"></status>
</kw>
<kw name="Validate error message on login Page" library="login_keywords">
<arguments>
<arg>${expectedErrorMessage}</arg>
</arguments>
<kw name="Replace String" library="String">
<doc>Replaces ``search_for`` in the given ``string`` with ``replace_with``.</doc>
<arguments>
<arg>${h3ErrorElement}</arg>
<arg>error message</arg>
<arg>${expectedErrorMessage}</arg>
</arguments>
<assign>
<var>${h3ErrorElement}</var>
</assign>
<msg timestamp="20230424 14:10:35.936" level="INFO">${h3ErrorElement} = //h3[text()="Epic sadface: Username and password do not match any user in this service"]</msg>
<status status="PASS" starttime="20230424 14:10:35.935" endtime="20230424 14:10:35.936"></status>
</kw>
<kw name="Page Should Contain Element" library="SeleniumLibrary">
<doc>Verifies that element ``locator`` is found on the current page.</doc>
<arguments>
<arg>${h3ErrorElement}</arg>
</arguments>
<msg timestamp="20230424 14:10:35.947" level="INFO">Current page contains element '//h3[text()="Epic sadface: Username and password do not match any user in this service"]'.</msg>
<status status="PASS" starttime="20230424 14:10:35.936" endtime="20230424 14:10:35.947"></status>
</kw>
<kw name="Get Location" library="SeleniumLibrary">
<doc>Returns the current browser window URL.</doc>
<assign>
<var>${currentURL}</var>
</assign>
<msg timestamp="20230424 14:10:35.954" level="INFO">${currentURL} = https://www.saucedemo.com/</msg>
<status status="PASS" starttime="20230424 14:10:35.947" endtime="20230424 14:10:35.954"></status>
</kw>
<kw name="Should Be Equal" library="BuiltIn">
<doc>Fails if the given objects are unequal.</doc>
<arguments>
<arg>${currentURL}</arg>
<arg>${urlLogin}</arg>
</arguments>
<status status="PASS" starttime="20230424 14:10:35.954" endtime="20230424 14:10:35.955"></status>
</kw>
<status status="PASS" starttime="20230424 14:10:35.933" endtime="20230424 14:10:35.955"></status>
</kw>
<status status="PASS" starttime="20230424 14:10:35.502" endtime="20230424 14:10:35.955"></status>
</kw>
<doc>A login attempt is made with an invalid username and invalid
password and it is expected to get the error message:
"Epic sadface: Username and password do not match any user in this service".</doc>
<tags>
<tag>Saucedemo_Login_reject</tag>
</tags>
<status status="PASS" starttime="20230424 14:10:35.500" endtime="20230424 14:10:35.955" critical="yes"></status>
</test>
<kw name="Close All Browsers" library="SeleniumLibrary" type="teardown">
<doc>Closes all open browsers and resets the browser cache.</doc>
<status status="PASS" starttime="20230424 14:10:35.958" endtime="20230424 14:10:38.240"></status>
</kw>
<doc>A test suite containing test cases related to the e-commerce website: "https://www.saucedemo.com/"</doc>
<status status="PASS" starttime="20230424 14:10:29.390" endtime="20230424 14:10:38.240"></status>
</suite>
<statistics>
<total>
<stat pass="7" fail="0">Critical Tests</stat>
<stat pass="7" fail="0">All Tests</stat>
</total>
<tag>
<stat pass="7" fail="0">Saucedemo_Login_reject</stat>
</tag>
<suite>
<stat pass="7" fail="0" id="s1" name="Saucedemo Reject Login">Saucedemo Reject Login</stat>
</suite>
</statistics>
<errors>
</errors>
</robot>
